{"name": "test_order_page[user_data0]", "status": "broken", "statusDetails": {"message": "selenium.common.exceptions.TimeoutException: Message: \nStacktrace:\nRemoteError@chrome://remote/content/shared/RemoteError.sys.mjs:8:8\nWebDriverError@chrome://remote/content/shared/webdriver/Errors.sys.mjs:197:5\nNoSuchElementError@chrome://remote/content/shared/webdriver/Errors.sys.mjs:527:5\ndom.find/</<@chrome://remote/content/shared/DOM.sys.mjs:136:16", "trace": "order_page = <pages.order_page.OrderPage object at 0x000002121EB4AE40>\nuser_data = {'address': 'ул. Перерва, 53', 'comment': 'Позвони на АТС', 'delivery_date': ['xpath', '//div[contains(@class,\"react-datepicker__day--0<function DataDay.get_delivery_day_today at 0x000002121EB53060>\")]'], 'last_name': 'Волшебный', ...}\n\n    @pytest.mark.parametrize(\"user_data\", [USER_1, USER_2])\n    def test_order_page(order_page, user_data):\n        order_page.fill_user_data(user_data)\n>       order_page.fill_rental_options(user_data)\n\ntests\\test_order_page.py:8: \n_ _ _ _ _ _ _ _ _ _ _ _ _ _ _ _ _ _ _ _ _ _ _ _ _ _ _ _ _ _ _ _ _ _ _ _ _ _ _ _ _ _ _ _ _ _ _ _ _ _ _ _ _ _ _ _ _ _ _ _ _ _ _ _ _ _ _ _ _ _ _ _ _ _ _ _ _ _ _ _ _ _ _ _ _ _ _ _ _ _\npages\\order_page.py:34: in fill_rental_options\n    self.click_on_element(OrderPageLocators.CALENDAR_DATE_TODAY)\npages\\base_page.py:48: in click_on_element\n    element = WebDriverWait(self.driver, Data.WAIT_TIME).until(\n_ _ _ _ _ _ _ _ _ _ _ _ _ _ _ _ _ _ _ _ _ _ _ _ _ _ _ _ _ _ _ _ _ _ _ _ _ _ _ _ _ _ _ _ _ _ _ _ _ _ _ _ _ _ _ _ _ _ _ _ _ _ _ _ _ _ _ _ _ _ _ _ _ _ _ _ _ _ _ _ _ _ _ _ _ _ _ _ _ _\n\nself = <selenium.webdriver.support.wait.WebDriverWait (session=\"fc92e456-e33c-4111-94de-d0fe11b0243a\")>\nmethod = <function element_to_be_clickable.<locals>._predicate at 0x000002121EC2A660>, message = ''\n\n    def until(self, method: Callable[[D], Union[Literal[False], T]], message: str = \"\") -> T:\n        \"\"\"Wait until the method returns a value that is not False.\n    \n        Calls the method provided with the driver as an argument until the\n        return value does not evaluate to ``False``.\n    \n        Parameters:\n        ----------\n        method: callable(WebDriver)\n            - A callable object that takes a WebDriver instance as an argument.\n    \n        message: str\n            - Optional message for :exc:`TimeoutException`\n    \n        Return:\n        -------\n        object: T\n            - The result of the last call to `method`\n    \n        Raises:\n        -------\n        TimeoutException\n            - If 'method' does not return a truthy value within the WebDriverWait\n            object's timeout\n    \n        Example:\n        --------\n        >>> from selenium.webdriver.common.by import By\n        >>> from selenium.webdriver.support.ui import WebDriverWait\n        >>> from selenium.webdriver.support import expected_conditions as EC\n    \n        # Wait until an element is visible on the page\n        >>> wait = WebDriverWait(driver, 10)\n        >>> element = wait.until(EC.visibility_of_element_located((By.ID, \"exampleId\")))\n        >>> print(element.text)\n        \"\"\"\n        screen = None\n        stacktrace = None\n    \n        end_time = time.monotonic() + self._timeout\n        while True:\n            try:\n                value = method(self._driver)\n                if value:\n                    return value\n            except self._ignored_exceptions as exc:\n                screen = getattr(exc, \"screen\", None)\n                stacktrace = getattr(exc, \"stacktrace\", None)\n            if time.monotonic() > end_time:\n                break\n            time.sleep(self._poll)\n>       raise TimeoutException(message, screen, stacktrace)\nE       selenium.common.exceptions.TimeoutException: Message: \nE       Stacktrace:\nE       RemoteError@chrome://remote/content/shared/RemoteError.sys.mjs:8:8\nE       WebDriverError@chrome://remote/content/shared/webdriver/Errors.sys.mjs:197:5\nE       NoSuchElementError@chrome://remote/content/shared/webdriver/Errors.sys.mjs:527:5\nE       dom.find/</<@chrome://remote/content/shared/DOM.sys.mjs:136:16\n\n.venv\\Lib\\site-packages\\selenium\\webdriver\\support\\wait.py:146: TimeoutException"}, "steps": [{"name": "Заполнение полей \"Для кого самокат\"", "status": "passed", "steps": [{"name": "Ввод текста в поле", "status": "passed", "steps": [{"name": "Поиск элемента с ожиданием", "status": "passed", "steps": [{"name": "Ожидание видимости элемента", "status": "passed", "parameters": [{"name": "locator", "value": "['css selector', '[class^=Order_Form] [class^=Input_InputContainer]:nth-child(1) input']"}, {"name": "timeout", "value": "30"}], "start": 1741608148892, "stop": 1741608148909}], "parameters": [{"name": "locator", "value": "['css selector', '[class^=Order_Form] [class^=Input_InputContainer]:nth-child(1) input']"}], "start": 1741608148892, "stop": 1741608148909}], "parameters": [{"name": "locator", "value": "['css selector', '[class^=Order_Form] [class^=Input_InputContainer]:nth-child(1) input']"}, {"name": "text", "value": "'Максим'"}], "start": 1741608148892, "stop": 1741608149005}, {"name": "Ввод текста в поле", "status": "passed", "steps": [{"name": "Поиск элемента с ожиданием", "status": "passed", "steps": [{"name": "Ожидание видимости элемента", "status": "passed", "parameters": [{"name": "locator", "value": "['css selector', '[class^=Order_Form] [class^=Input_InputContainer]:nth-child(2) input']"}, {"name": "timeout", "value": "30"}], "start": 1741608149005, "stop": 1741608149039}], "parameters": [{"name": "locator", "value": "['css selector', '[class^=Order_Form] [class^=Input_InputContainer]:nth-child(2) input']"}], "start": 1741608149005, "stop": 1741608149039}], "parameters": [{"name": "locator", "value": "['css selector', '[class^=Order_Form] [class^=Input_InputContainer]:nth-child(2) input']"}, {"name": "text", "value": "'Волшебный'"}], "start": 1741608149005, "stop": 1741608149092}, {"name": "Ввод текста в поле", "status": "passed", "steps": [{"name": "Поиск элемента с ожиданием", "status": "passed", "steps": [{"name": "Ожидание видимости элемента", "status": "passed", "parameters": [{"name": "locator", "value": "['css selector', '[class^=Order_Form] [class^=Input_InputContainer]:nth-child(3) input']"}, {"name": "timeout", "value": "30"}], "start": 1741608149092, "stop": 1741608149109}], "parameters": [{"name": "locator", "value": "['css selector', '[class^=Order_Form] [class^=Input_InputContainer]:nth-child(3) input']"}], "start": 1741608149092, "stop": 1741608149109}], "parameters": [{"name": "locator", "value": "['css selector', '[class^=Order_Form] [class^=Input_InputContainer]:nth-child(3) input']"}, {"name": "text", "value": "'ул. Перерва, 53'"}], "start": 1741608149092, "stop": 1741608149169}, {"name": "Клик на элемент", "status": "passed", "parameters": [{"name": "locator", "value": "['css selector', '[class^=Order_Form] .select-search input']"}], "start": 1741608149169, "stop": 1741608149455}, {"name": "Клик на элемент", "status": "passed", "parameters": [{"name": "locator", "value": "['xpath', '//div[@class=\"select-search__select\"]//div[text()=\"Лубянка\"]']"}], "start": 1741608149455, "stop": 1741608150214}, {"name": "Ввод текста в поле", "status": "passed", "steps": [{"name": "Поиск элемента с ожиданием", "status": "passed", "steps": [{"name": "Ожидание видимости элемента", "status": "passed", "parameters": [{"name": "locator", "value": "['css selector', '[class^=Order_Form] [class^=Input_InputContainer]:nth-child(5) input']"}, {"name": "timeout", "value": "30"}], "start": 1741608150214, "stop": 1741608150230}], "parameters": [{"name": "locator", "value": "['css selector', '[class^=Order_Form] [class^=Input_InputContainer]:nth-child(5) input']"}], "start": 1741608150214, "stop": 1741608150230}], "parameters": [{"name": "locator", "value": "['css selector', '[class^=Order_Form] [class^=Input_InputContainer]:nth-child(5) input']"}, {"name": "text", "value": "'+76669995522'"}], "start": 1741608150214, "stop": 1741608150266}, {"name": "Клик на элемент", "status": "passed", "parameters": [{"name": "locator", "value": "['css selector', '[class^=Order_NextButton] button']"}], "start": 1741608150267, "stop": 1741608150525}], "parameters": [{"name": "user_data", "value": "{'name': 'Максим', 'last_name': 'Волшебный', 'address': 'ул. Перерва, 53', 'phone_number': '+76669995522', 'delivery_date': ['xpath', '//div[contains(@class,\"react-datepicker__day--0<function DataDay.get_delivery_day_today at 0x000002121EB53060>\")]'], 'rental_period': ['xpath', \"(//div[@class='Dropdown-option'])[1]\"], 'comment': 'Позвони на АТС'}"}], "start": 1741608148892, "stop": 1741608150525}, {"name": "Заполнение полей \"Про аренду\"", "status": "broken", "statusDetails": {"message": "selenium.common.exceptions.TimeoutException: Message: \nStacktrace:\nRemoteError@chrome://remote/content/shared/RemoteError.sys.mjs:8:8\nWebDriverError@chrome://remote/content/shared/webdriver/Errors.sys.mjs:197:5\nNoSuchElementError@chrome://remote/content/shared/webdriver/Errors.sys.mjs:527:5\ndom.find/</<@chrome://remote/content/shared/DOM.sys.mjs:136:16\n\n", "trace": "  File \"C:\\Users\\amelc\\PycharmProjects\\sprint_6\\.venv\\Lib\\site-packages\\allure_commons\\_allure.py\", line 192, in impl\n    return func(*a, **kw)\n  File \"C:\\Users\\amelc\\PycharmProjects\\Sprint_6\\pages\\order_page.py\", line 34, in fill_rental_options\n    self.click_on_element(OrderPageLocators.CALENDAR_DATE_TODAY)\n    ~~~~~~~~~~~~~~~~~~~~~^^^^^^^^^^^^^^^^^^^^^^^^^^^^^^^^^^^^^^^\n  File \"C:\\Users\\amelc\\PycharmProjects\\sprint_6\\.venv\\Lib\\site-packages\\allure_commons\\_allure.py\", line 192, in impl\n    return func(*a, **kw)\n  File \"C:\\Users\\amelc\\PycharmProjects\\Sprint_6\\pages\\base_page.py\", line 48, in click_on_element\n    element = WebDriverWait(self.driver, Data.WAIT_TIME).until(\n        EC.element_to_be_clickable(locator)\n    )\n  File \"C:\\Users\\amelc\\PycharmProjects\\sprint_6\\.venv\\Lib\\site-packages\\selenium\\webdriver\\support\\wait.py\", line 146, in until\n    raise TimeoutException(message, screen, stacktrace)\n"}, "steps": [{"name": "Клик на элемент", "status": "passed", "parameters": [{"name": "locator", "value": "['xpath', \"//input[@placeholder='* Когда привезти самокат']\"]"}], "start": 1741608150525, "stop": 1741608150804}, {"name": "Клик на элемент", "status": "broken", "statusDetails": {"message": "selenium.common.exceptions.TimeoutException: Message: \nStacktrace:\nRemoteError@chrome://remote/content/shared/RemoteError.sys.mjs:8:8\nWebDriverError@chrome://remote/content/shared/webdriver/Errors.sys.mjs:197:5\nNoSuchElementError@chrome://remote/content/shared/webdriver/Errors.sys.mjs:527:5\ndom.find/</<@chrome://remote/content/shared/DOM.sys.mjs:136:16\n\n", "trace": "  File \"C:\\Users\\amelc\\PycharmProjects\\sprint_6\\.venv\\Lib\\site-packages\\allure_commons\\_allure.py\", line 192, in impl\n    return func(*a, **kw)\n  File \"C:\\Users\\amelc\\PycharmProjects\\Sprint_6\\pages\\base_page.py\", line 48, in click_on_element\n    element = WebDriverWait(self.driver, Data.WAIT_TIME).until(\n        EC.element_to_be_clickable(locator)\n    )\n  File \"C:\\Users\\amelc\\PycharmProjects\\sprint_6\\.venv\\Lib\\site-packages\\selenium\\webdriver\\support\\wait.py\", line 146, in until\n    raise TimeoutException(message, screen, stacktrace)\n"}, "parameters": [{"name": "locator", "value": "['xpath', '//div[contains(@class,\"react-datepicker__day--0<function DataDay.get_delivery_day_today at 0x000002121EB53060>\")]']"}], "start": 1741608150804, "stop": 1741608171115}], "parameters": [{"name": "user_data", "value": "{'name': 'Максим', 'last_name': 'Волшебный', 'address': 'ул. Перерва, 53', 'phone_number': '+76669995522', 'delivery_date': ['xpath', '//div[contains(@class,\"react-datepicker__day--0<function DataDay.get_delivery_day_today at 0x000002121EB53060>\")]'], 'rental_period': ['xpath', \"(//div[@class='Dropdown-option'])[1]\"], 'comment': 'Позвони на АТС'}"}], "start": 1741608150525, "stop": 1741608171116}], "parameters": [{"name": "user_data", "value": "{'name': 'Максим', 'last_name': 'Волшебный', 'address': 'ул. Перерва, 53', 'phone_number': '+76669995522', 'delivery_date': ['xpath', '//div[contains(@class,\"react-datepicker__day--0<function DataDay.get_delivery_day_today at 0x000002121EB53060>\")]'], 'rental_period': ['xpath', \"(//div[@class='Dropdown-option'])[1]\"], 'comment': 'Позвони на АТС'}"}], "start": 1741608148892, "stop": 1741608171133, "uuid": "bc0b7eaf-2580-4d19-8bc2-1c57283ea9f6", "historyId": "d42c88f259dbfb65376668d6e6a0a2bb", "testCaseId": "eb16a19f72f4ca99cf60465170502f4f", "fullName": "tests.test_order_page#test_order_page", "labels": [{"name": "parentSuite", "value": "tests"}, {"name": "suite", "value": "test_order_page"}, {"name": "host", "value": "MyComp"}, {"name": "thread", "value": "16052-MainThread"}, {"name": "framework", "value": "pytest"}, {"name": "language", "value": "cpython3"}, {"name": "package", "value": "tests.test_order_page"}]}